SF:lib/src/core/converter.dart
DA:6,0
DA:12,0
DA:13,0
DA:17,0
DA:18,0
LF:5
LH:0
end_of_record
SF:lib/src/core/query.dart
DA:42,0
DA:43,0
DA:57,4
DA:63,0
DA:64,0
DA:71,0
DA:73,0
DA:74,0
DA:76,0
DA:77,0
DA:79,0
DA:80,0
DA:98,0
DA:99,0
DA:106,2
DA:113,2
DA:114,2
DA:115,2
DA:116,0
DA:117,2
DA:125,3
DA:126,6
DA:127,6
DA:128,15
DA:129,3
DA:130,3
DA:131,3
DA:132,3
DA:133,6
DA:134,3
LF:30
LH:16
end_of_record
SF:lib/src/core/field_types.dart
DA:4,0
DA:10,0
DA:11,0
DA:12,0
LF:4
LH:0
end_of_record
SF:lib/src/core/paging_operators.dart
DA:10,2
DA:11,6
DA:20,2
DA:21,6
DA:30,4
DA:36,4
LF:6
LH:6
end_of_record
SF:lib/src/core/query_filter.dart
DA:25,0
DA:26,0
DA:27,0
DA:28,0
DA:29,0
DA:30,0
DA:41,3
DA:47,6
DA:71,3
DA:73,3
DA:74,6
DA:75,9
DA:76,9
DA:77,3
LF:14
LH:8
end_of_record
SF:lib/src/core/query_filter_group.dart
DA:37,0
DA:40,0
DA:41,0
DA:42,0
DA:43,0
DA:61,4
DA:70,0
DA:71,0
DA:74,0
DA:75,0
DA:78,0
DA:79,0
DA:102,3
DA:106,6
DA:107,15
DA:108,6
DA:110,3
DA:111,0
DA:112,3
DA:113,6
DA:115,0
DA:121,6
DA:122,3
DA:129,3
DA:131,3
DA:132,6
DA:133,15
DA:134,8
DA:136,3
LF:29
LH:16
end_of_record
SF:lib/src/core/query_metadata.dart
DA:30,2
DA:45,4
DA:52,2
DA:54,6
LF:4
LH:4
end_of_record
SF:lib/src/core/query_operation.dart
DA:134,2
DA:135,2
DA:136,4
DA:137,0
DA:138,0
DA:139,0
DA:140,0
DA:141,0
DA:142,0
DA:143,0
DA:144,0
DA:145,0
DA:146,0
DA:147,0
DA:148,0
DA:149,0
DA:150,0
DA:151,0
DA:152,0
DA:153,0
DA:154,0
DA:177,0
DA:179,0
DA:180,0
DA:181,0
DA:182,0
DA:183,0
DA:184,0
DA:185,0
DA:186,0
DA:187,0
DA:188,0
DA:189,0
DA:190,0
DA:191,0
DA:192,0
DA:193,0
DA:194,0
DA:195,0
DA:196,0
DA:197,0
DA:211,2
DA:212,2
DA:213,2
DA:214,0
DA:215,0
LF:46
LH:6
end_of_record
SF:lib/src/core/query_operators.dart
DA:12,0
DA:22,2
DA:23,2
DA:29,0
DA:37,2
DA:41,2
DA:43,0
DA:44,2
DA:54,2
DA:58,2
DA:60,0
DA:61,0
DA:71,0
DA:75,0
DA:77,0
DA:78,0
DA:92,2
DA:93,2
DA:95,2
DA:110,0
DA:111,0
DA:113,0
DA:127,2
DA:128,4
DA:136,0
DA:137,0
DA:145,0
DA:146,0
LF:28
LH:12
end_of_record
SF:lib/src/core/query_ordering.dart
DA:21,0
DA:22,0
DA:33,4
DA:41,3
DA:43,12
LF:5
LH:3
end_of_record
SF:lib/src/core/query_paging.dart
DA:33,15
DA:43,2
DA:47,0
DA:68,2
DA:70,2
DA:71,2
DA:72,2
DA:73,2
DA:78,3
DA:80,3
DA:81,3
DA:82,9
DA:83,6
DA:91,0
DA:92,0
DA:93,0
DA:94,0
DA:95,0
LF:18
LH:12
end_of_record
SF:lib/src/core/query_response.dart
DA:26,2
DA:37,2
DA:38,6
DA:45,2
DA:47,8
LF:5
LH:5
end_of_record
SF:lib/src/core/query_selections.dart
DA:27,0
DA:28,0
DA:29,0
DA:30,0
DA:46,0
DA:63,0
DA:68,0
DA:69,0
DA:70,0
DA:81,0
DA:84,0
DA:88,0
DA:91,0
DA:92,0
DA:93,0
LF:15
LH:0
end_of_record
