SF:lib/src/core/converter.dart
DA:6,1
DA:12,1
DA:13,1
DA:17,1
DA:18,1
LF:5
LH:5
end_of_record
SF:lib/src/core/query.dart
DA:42,0
DA:43,0
DA:57,4
DA:63,2
DA:64,2
DA:71,2
DA:73,2
DA:74,0
DA:76,0
DA:77,0
DA:79,2
DA:80,2
DA:98,2
DA:105,2
DA:106,2
DA:107,2
DA:108,0
DA:109,2
DA:117,3
DA:118,6
DA:119,6
DA:120,15
DA:121,5
DA:122,3
DA:123,3
DA:124,3
DA:125,6
DA:126,5
LF:28
LH:22
end_of_record
SF:lib/src/core/paging_operators.dart
DA:10,2
DA:11,6
DA:20,2
DA:21,6
DA:30,4
DA:36,4
LF:6
LH:6
end_of_record
SF:lib/src/core/query_filter.dart
DA:25,3
DA:26,3
DA:27,3
DA:28,3
DA:29,3
DA:30,3
DA:41,6
DA:47,12
DA:71,5
DA:73,5
DA:74,10
DA:75,15
DA:76,15
DA:77,9
LF:14
LH:14
end_of_record
SF:lib/src/core/query_filter_group.dart
DA:37,2
DA:40,2
DA:41,2
DA:42,6
DA:43,6
DA:61,5
DA:70,3
DA:71,3
DA:74,2
DA:75,2
DA:78,2
DA:79,2
DA:102,4
DA:106,8
DA:107,20
DA:108,8
DA:110,4
DA:111,0
DA:112,4
DA:113,8
DA:115,2
DA:121,8
DA:122,4
DA:129,4
DA:131,4
DA:132,8
DA:133,20
DA:134,11
DA:136,4
LF:29
LH:28
end_of_record
SF:lib/src/core/query_metadata.dart
DA:30,3
DA:45,6
DA:52,3
DA:54,9
LF:4
LH:4
end_of_record
SF:lib/src/core/query_operation.dart
DA:134,4
DA:135,4
DA:136,8
DA:137,6
DA:138,6
DA:139,4
DA:140,2
DA:141,2
DA:142,2
DA:143,2
DA:144,4
DA:145,4
DA:146,4
DA:147,4
DA:148,4
DA:149,4
DA:150,2
DA:151,2
DA:152,2
DA:153,2
DA:154,4
DA:177,2
DA:179,2
DA:180,2
DA:181,2
DA:182,2
DA:183,2
DA:184,2
DA:185,2
DA:186,2
DA:187,2
DA:188,2
DA:189,2
DA:190,2
DA:191,2
DA:192,2
DA:193,2
DA:194,2
DA:195,2
DA:196,2
DA:197,0
DA:211,4
DA:212,4
DA:213,10
DA:214,9
DA:215,4
LF:46
LH:45
end_of_record
SF:lib/src/core/query_operators.dart
DA:12,2
DA:22,3
DA:23,3
DA:29,4
DA:37,3
DA:41,3
DA:43,2
DA:44,3
DA:54,3
DA:58,3
DA:60,2
DA:61,2
DA:71,2
DA:75,2
DA:77,2
DA:78,2
DA:92,3
DA:93,3
DA:95,3
DA:110,2
DA:111,2
DA:113,2
DA:127,3
DA:128,6
DA:136,2
DA:137,2
DA:145,2
DA:146,2
LF:28
LH:28
end_of_record
SF:lib/src/core/query_ordering.dart
DA:21,2
DA:22,6
DA:33,8
DA:41,4
DA:43,16
LF:5
LH:5
end_of_record
SF:lib/src/core/query_paging.dart
DA:33,34
DA:43,4
DA:47,2
DA:68,3
DA:70,3
DA:71,3
DA:72,3
DA:73,3
DA:78,4
DA:80,4
DA:81,8
DA:82,12
DA:83,8
DA:91,2
DA:92,2
DA:93,2
DA:94,2
DA:95,2
LF:18
LH:18
end_of_record
SF:lib/src/core/query_response.dart
DA:26,2
DA:37,2
DA:38,6
DA:45,2
DA:47,8
LF:5
LH:5
end_of_record
SF:lib/src/core/query_selections.dart
DA:27,2
DA:28,2
DA:29,2
DA:30,2
DA:46,7
DA:63,2
DA:68,2
DA:69,2
DA:70,2
DA:81,3
DA:84,10
DA:88,12
DA:91,3
DA:92,10
DA:93,12
LF:15
LH:15
end_of_record
