SF:lib/src/models/cart_item.dart
DA:24,17
DA:87,10
DA:90,4
DA:91,12
DA:95,14
DA:98,3
DA:99,9
DA:103,3
DA:104,9
DA:105,9
DA:113,5
DA:116,5
LF:12
LH:12
end_of_record
SF:lib/src/models/cart_plugin.dart
DA:9,0
DA:15,0
DA:22,0
LF:3
LH:0
end_of_record
SF:lib/src/mixins/cart_stream_mixin.dart
DA:16,3
DA:22,17
DA:23,34
DA:24,34
DA:31,4
DA:32,8
LF:6
LH:6
end_of_record
SF:lib/src/mixins/cart_change_notifier_dispose_mixin.dart
DA:13,16
DA:15,16
DA:16,16
DA:21,17
DA:22,17
DA:24,3
DA:25,3
DA:30,5
DA:32,5
DA:33,5
LF:10
LH:10
end_of_record
SF:lib/src/mixins/cart_plugins_mixin.dart
DA:9,45
DA:12,0
DA:15,2
DA:16,4
DA:21,0
DA:22,0
DA:27,0
DA:28,0
LF:8
LH:3
end_of_record
SF:lib/src/cart.dart
DA:28,17
DA:39,15
DA:40,17
DA:41,17
DA:42,34
DA:44,17
DA:46,0
DA:47,0
DA:58,2
DA:107,22
DA:110,28
DA:113,8
DA:116,8
DA:119,2
DA:120,8
DA:123,6
DA:126,1
DA:127,2
DA:128,1
DA:132,0
DA:133,0
DA:137,0
DA:138,0
DA:142,0
DA:143,0
DA:147,0
DA:148,0
DA:151,0
DA:152,0
DA:153,0
DA:154,0
DA:155,0
DA:156,0
DA:158,0
DA:164,1
DA:165,3
DA:169,0
DA:172,4
DA:175,2
DA:176,2
DA:177,2
DA:178,6
DA:180,6
DA:185,16
DA:186,16
DA:187,2
DA:188,4
DA:194,16
DA:195,32
DA:196,32
DA:197,16
DA:198,6
DA:203,15
DA:204,17
DA:206,2
DA:207,0
DA:208,0
DA:214,4
DA:215,6
DA:216,2
DA:221,17
DA:222,17
DA:223,3
DA:224,6
DA:230,4
DA:231,6
DA:232,2
DA:237,6
DA:238,6
DA:239,6
DA:240,6
DA:242,6
DA:248,4
DA:252,4
DA:253,4
DA:254,4
DA:256,4
DA:262,6
DA:263,27
DA:266,5
DA:267,22
DA:270,6
DA:273,15
DA:276,15
DA:281,15
DA:286,15
DA:287,15
DA:288,15
DA:290,30
DA:300,4
DA:306,4
DA:307,3
DA:308,6
DA:309,3
DA:312,3
DA:315,4
DA:321,1
DA:325,1
DA:326,1
DA:327,4
DA:328,2
DA:329,2
DA:330,1
DA:334,1
DA:340,5
DA:341,5
DA:342,3
DA:343,3
DA:345,10
DA:351,3
DA:352,3
DA:353,2
DA:354,4
DA:355,4
DA:357,6
DA:363,8
DA:364,8
DA:367,14
DA:368,14
DA:369,7
DA:370,7
DA:371,7
DA:372,7
DA:373,7
DA:374,7
DA:375,7
DA:376,7
DA:377,7
DA:379,7
DA:381,7
DA:384,0
DA:390,3
DA:391,3
DA:392,1
DA:394,1
DA:395,1
DA:396,2
DA:397,5
DA:399,1
DA:405,0
DA:408,0
DA:409,0
DA:412,3
DA:413,16
DA:416,9
DA:419,3
DA:420,3
DA:422,3
DA:423,6
DA:424,6
DA:426,6
DA:427,6
DA:428,6
DA:429,6
DA:430,6
DA:431,6
DA:435,2
DA:436,2
DA:437,4
DA:438,10
DA:440,4
DA:441,4
DA:442,4
DA:443,4
DA:444,4
DA:448,3
DA:452,3
DA:453,2
DA:454,4
DA:457,2
DA:459,2
DA:460,2
DA:462,6
DA:463,4
DA:466,2
DA:467,6
DA:468,8
DA:472,6
DA:473,3
DA:479,3
DA:482,3
DA:483,2
DA:484,2
DA:488,4
DA:490,6
DA:491,4
DA:494,2
DA:495,6
DA:496,8
DA:500,2
DA:507,4
DA:509,4
DA:510,4
DA:511,4
DA:512,6
DA:513,4
DA:514,4
DA:518,15
DA:519,30
DA:522,15
DA:523,9
DA:527,45
DA:528,19
DA:530,15
DA:531,4
DA:535,15
DA:536,15
DA:539,15
DA:540,9
DA:541,3
DA:542,9
DA:543,3
DA:545,15
DA:546,15
DA:547,15
DA:551,15
DA:552,15
DA:553,2
DA:554,2
DA:555,6
DA:557,30
DA:562,15
DA:563,30
DA:564,15
DA:565,30
DA:566,15
DA:567,15
DA:570,60
DA:574,5
DA:575,15
DA:576,5
DA:577,5
DA:578,5
DA:579,5
DA:583,5
DA:584,15
DA:586,3
DA:587,6
DA:588,9
DA:594,16
DA:599,16
DA:600,16
DA:602,16
DA:603,16
DA:604,16
DA:607,13
LF:246
LH:222
end_of_record
SF:lib/src/mixins/cart_history_mixin.dart
DA:7,9
DA:10,0
DA:13,17
DA:14,51
DA:18,7
DA:19,14
LF:6
LH:5
end_of_record
SF:lib/src/mixins/cart_metadata_mixin.dart
DA:9,15
DA:13,3
DA:17,3
DA:20,6
DA:21,3
DA:22,9
DA:27,0
DA:32,5
DA:37,10
DA:38,10
DA:41,5
DA:47,6
DA:50,2
DA:51,4
DA:54,4
DA:55,4
DA:58,2
DA:64,5
DA:70,5
DA:75,2
DA:76,2
DA:79,2
DA:81,2
DA:85,7
DA:86,14
DA:87,6
DA:88,3
DA:91,0
LF:28
LH:26
end_of_record
SF:lib/src/mixins/cart_lock_mixin.dart
DA:13,32
DA:18,0
DA:19,0
DA:25,2
DA:26,2
DA:30,2
DA:31,2
DA:33,0
DA:40,2
DA:41,2
DA:45,2
DA:46,2
DA:48,0
DA:56,2
DA:57,4
DA:58,2
DA:59,4
DA:61,2
DA:70,7
DA:71,7
DA:72,7
DA:74,2
LF:22
LH:18
end_of_record
SF:lib/src/cart_diff.dart
DA:11,1
DA:27,7
DA:46,1
DA:50,1
DA:51,1
DA:52,1
DA:54,2
DA:55,2
DA:57,1
DA:58,1
DA:59,1
DA:61,2
DA:62,2
DA:65,2
DA:66,2
DA:69,2
DA:70,1
DA:71,1
DA:72,1
DA:73,1
DA:77,1
LF:21
LH:21
end_of_record
SF:lib/src/cart_exception.dart
DA:8,2
DA:22,3
LF:2
LH:2
end_of_record
SF:lib/src/cart_input_formatter.dart
DA:25,2
DA:38,1
DA:51,2
DA:65,2
DA:70,4
DA:74,2
DA:75,2
DA:77,5
DA:78,2
DA:79,2
DA:81,6
DA:82,4
DA:86,2
DA:87,1
DA:90,2
DA:91,4
DA:95,2
DA:96,12
DA:97,10
DA:100,2
DA:102,4
LF:21
LH:21
end_of_record
SF:lib/src/cart_input_widget.dart
DA:83,1
DA:155,1
DA:156,1
DA:165,4
DA:167,1
DA:169,1
DA:170,2
DA:171,2
DA:172,4
DA:175,3
DA:176,1
DA:180,1
DA:182,1
DA:185,7
DA:186,2
DA:187,1
DA:192,1
DA:193,4
DA:197,1
DA:198,4
DA:202,1
DA:204,9
DA:206,1
DA:207,2
DA:208,1
DA:210,1
DA:211,3
DA:214,2
DA:215,7
DA:216,0
DA:217,0
DA:224,3
DA:227,2
DA:230,3
DA:233,1
DA:234,4
DA:235,3
DA:236,2
DA:240,1
DA:241,3
DA:244,2
DA:245,0
DA:250,1
DA:251,2
DA:252,1
DA:253,0
DA:254,1
DA:255,1
DA:259,1
DA:260,2
DA:261,1
DA:262,4
DA:263,1
DA:264,1
DA:268,1
DA:269,1
DA:270,4
DA:274,1
DA:275,6
DA:276,6
DA:278,2
DA:283,1
DA:284,1
DA:285,1
DA:286,1
DA:290,1
DA:292,1
DA:293,3
DA:295,2
DA:296,1
DA:303,1
DA:304,1
DA:308,1
DA:310,4
DA:311,1
DA:312,4
DA:313,1
DA:314,2
DA:315,1
DA:316,2
DA:317,4
DA:318,1
DA:319,2
DA:320,2
DA:321,1
DA:322,2
DA:323,2
DA:326,1
DA:327,1
DA:328,3
DA:329,2
DA:330,2
DA:331,2
DA:332,2
DA:338,1
DA:339,2
DA:340,1
DA:341,1
DA:342,3
DA:343,1
DA:344,1
DA:345,2
DA:349,3
DA:350,2
DA:351,1
DA:352,1
DA:353,3
DA:354,1
DA:355,1
DA:356,2
DA:363,1
DA:364,1
DA:365,0
DA:366,0
DA:367,0
DA:369,0
DA:371,0
DA:372,0
DA:373,0
DA:375,0
DA:378,2
DA:379,1
DA:380,3
DA:382,1
DA:384,2
DA:385,1
DA:386,3
DA:388,1
DA:394,1
DA:397,1
DA:399,1
DA:400,1
DA:401,3
DA:402,1
DA:403,2
DA:404,1
DA:406,2
DA:411,1
DA:412,1
DA:415,1
DA:416,1
DA:426,1
DA:428,2
DA:429,2
DA:430,1
DA:436,3
DA:443,1
DA:444,1
DA:445,1
DA:450,1
DA:451,1
DA:452,1
DA:457,1
DA:459,1
DA:461,1
LF:155
LH:143
end_of_record
SF:lib/src/cart_items_group.dart
DA:12,15
DA:16,15
DA:28,4
DA:36,15
DA:38,45
DA:40,3
DA:45,3
DA:46,9
DA:50,0
DA:51,0
DA:57,2
DA:58,2
DA:59,2
DA:60,2
DA:61,4
DA:66,1
DA:67,5
DA:70,1
DA:71,5
LF:19
LH:17
end_of_record
SF:lib/src/cart_options/recommendation_options.dart
DA:7,21
DA:15,0
LF:2
LH:1
end_of_record
SF:lib/src/cart_options/session_options.dart
DA:6,21
DA:18,0
DA:19,0
DA:22,0
DA:26,0
DA:30,0
DA:31,0
DA:32,0
LF:8
LH:1
end_of_record
SF:lib/src/cart_options/cart_options.dart
DA:30,17
DA:66,0
DA:76,0
DA:77,0
DA:78,0
DA:79,0
DA:80,0
DA:81,0
DA:82,0
DA:83,0
DA:85,0
LF:11
LH:1
end_of_record
SF:lib/src/cart_options/validator_options.dart
DA:12,22
DA:32,0
DA:35,0
DA:38,0
DA:39,0
DA:43,0
DA:44,0
DA:48,0
DA:49,0
DA:53,0
DA:54,0
DA:58,1
DA:59,1
DA:61,2
DA:62,1
DA:63,1
DA:64,1
DA:68,2
DA:69,3
DA:70,1
DA:71,1
DA:79,0
DA:84,0
DA:85,0
DA:86,0
DA:87,0
LF:26
LH:11
end_of_record
SF:lib/src/cart_options/behavior_options.dart
DA:7,24
DA:27,3
DA:28,3
DA:29,6
DA:34,15
DA:35,21
DA:43,3
DA:44,6
LF:8
LH:8
end_of_record
SF:lib/src/cart_options/tax_options.dart
DA:6,21
DA:23,0
LF:2
LH:1
end_of_record
SF:lib/src/cart_options/discount_options.dart
DA:6,23
DA:23,1
DA:24,2
DA:26,2
DA:30,0
DA:35,0
DA:36,0
DA:37,0
DA:38,0
LF:9
LH:4
end_of_record
SF:lib/src/cart_options/shipping_options.dart
DA:7,21
DA:24,0
LF:2
LH:1
end_of_record
SF:lib/src/cart_options/price_options.dart
DA:6,21
DA:34,0
DA:35,0
DA:36,0
DA:38,0
DA:39,0
DA:40,0
DA:41,0
DA:42,0
DA:43,0
DA:46,0
DA:47,0
DA:48,0
DA:50,0
DA:51,0
DA:53,0
LF:16
LH:1
end_of_record
SF:lib/src/cart_theme.dart
DA:9,1
DA:18,2
DA:19,2
DA:20,3
DA:21,4
DA:24,0
DA:26,0
DA:29,1
DA:37,1
DA:44,3
DA:61,1
DA:71,1
DA:72,1
DA:76,2
DA:85,2
DA:97,2
DA:98,2
DA:99,2
DA:100,2
DA:101,2
DA:156,1
DA:173,1
DA:175,1
DA:177,1
DA:178,1
DA:179,1
DA:180,1
DA:181,1
DA:182,1
DA:183,1
DA:184,1
DA:185,1
DA:186,1
DA:187,1
DA:188,1
LF:35
LH:33
end_of_record
SF:lib/src/cart_validators/i_cart_validator.dart
DA:6,1
DA:22,0
LF:2
LH:1
end_of_record
SF:lib/src/cart_validators/cart_max_length_validator.dart
DA:6,0
DA:12,0
DA:14,0
DA:15,0
DA:17,0
LF:5
LH:0
end_of_record
SF:lib/src/cart_validators/cart_min_total_validator.dart
DA:6,1
DA:11,1
DA:13,3
DA:14,1
DA:16,3
LF:5
LH:5
end_of_record
SF:lib/src/cart_validators/cart_not_empty_validator.dart
DA:5,1
DA:7,2
DA:8,1
LF:3
LH:3
end_of_record
SF:lib/src/cart_validators/cart_max_item_count_validator.dart
DA:6,1
DA:12,1
DA:14,3
DA:15,1
DA:16,2
LF:5
LH:5
end_of_record
SF:lib/src/cart_validators/cart_min_length_validator.dart
DA:6,0
DA:11,0
DA:13,0
DA:14,0
DA:16,0
LF:5
LH:0
end_of_record
SF:lib/src/cart_validators/cart_validators.dart
DA:33,1
DA:34,1
DA:40,2
DA:47,1
DA:48,1
DA:55,1
DA:56,1
DA:63,0
DA:64,0
DA:71,0
DA:72,0
DA:79,0
DA:80,0
LF:13
LH:7
end_of_record
SF:lib/src/cart_validators/cart_required_field_validator.dart
DA:6,1
DA:11,1
DA:13,3
DA:14,3
DA:15,0
DA:16,0
LF:6
LH:4
end_of_record
SF:lib/src/cart_validators/cart_contains_validator.dart
DA:6,0
DA:11,0
DA:14,0
DA:16,0
DA:17,0
LF:5
LH:0
end_of_record
SF:lib/src/models/cart_currency.dart
DA:12,4
DA:20,0
DA:22,0
DA:25,2
DA:30,6
DA:34,8
DA:37,0
DA:38,0
LF:8
LH:4
end_of_record
SF:lib/src/models/cart_hooks.dart
DA:7,0
LF:1
LH:0
end_of_record
SF:lib/src/cart_validators/cart_validator_message.dart
LF:0
LH:0
end_of_record
