SF:lib/src/mixins.dart
DA:13,4
DA:15,4
DA:16,4
DA:20,3
DA:22,3
DA:23,3
DA:40,3
DA:46,3
DA:47,6
DA:48,6
DA:55,2
DA:56,4
LF:12
LH:12
end_of_record
SF:lib/src/cart_item.dart
DA:24,4
DA:87,2
DA:90,1
DA:91,3
DA:95,4
DA:98,1
DA:99,3
DA:103,1
DA:104,3
DA:105,3
DA:113,5
DA:116,5
LF:12
LH:12
end_of_record
SF:lib/src/cart.dart
DA:22,3
DA:29,3
DA:30,3
DA:36,3
DA:81,4
DA:84,4
DA:87,2
DA:90,2
DA:93,2
DA:96,1
DA:97,4
DA:100,2
DA:103,3
DA:106,1
DA:107,3
DA:108,1
DA:109,2
DA:112,0
DA:116,1
DA:121,2
DA:122,2
DA:123,1
DA:127,0
DA:130,1
DA:131,2
DA:132,2
DA:133,2
DA:134,1
DA:139,1
DA:140,1
DA:141,1
DA:142,0
DA:146,1
DA:147,1
DA:148,1
DA:149,0
DA:153,3
DA:154,3
DA:155,1
DA:156,2
DA:162,3
DA:163,9
DA:167,3
DA:170,3
DA:171,4
DA:173,1
DA:174,0
DA:175,0
DA:181,1
DA:182,2
DA:183,1
DA:188,2
DA:189,3
DA:190,1
DA:195,1
DA:196,1
DA:197,2
DA:198,1
DA:202,0
DA:204,0
DA:205,0
DA:206,0
DA:210,1
DA:214,1
DA:215,2
DA:216,1
DA:220,0
DA:222,0
DA:224,0
DA:225,0
DA:229,1
DA:230,5
DA:233,1
DA:234,5
DA:237,6
DA:240,3
DA:243,3
DA:248,3
DA:253,3
DA:254,1
DA:255,1
DA:256,1
DA:259,3
DA:260,3
DA:261,3
DA:262,3
DA:263,6
DA:266,3
DA:274,1
DA:280,1
DA:281,0
DA:282,0
DA:283,0
DA:286,1
DA:287,2
DA:288,3
DA:289,1
DA:291,1
DA:292,1
DA:293,1
DA:296,1
DA:300,1
DA:304,1
DA:305,0
DA:306,0
DA:309,0
DA:312,1
DA:313,4
DA:314,2
DA:315,3
DA:317,1
DA:318,1
DA:319,1
DA:322,1
DA:326,1
DA:327,1
DA:328,0
DA:329,0
DA:330,0
DA:333,1
DA:334,1
DA:335,1
DA:336,1
DA:337,2
DA:340,1
DA:344,1
DA:345,1
DA:346,0
DA:347,0
DA:348,0
DA:351,1
DA:352,1
DA:353,2
DA:356,2
DA:357,2
DA:358,1
DA:359,1
DA:363,1
DA:364,1
DA:365,0
DA:366,0
DA:367,0
DA:372,2
DA:373,2
DA:374,1
DA:375,1
DA:376,1
DA:377,1
DA:378,2
DA:379,1
DA:380,2
DA:381,1
DA:382,1
DA:384,1
DA:385,1
DA:387,0
DA:393,0
DA:394,0
DA:395,0
DA:396,0
DA:397,0
DA:400,0
DA:402,0
DA:403,0
DA:404,0
DA:405,0
DA:408,0
DA:409,0
DA:413,0
DA:416,0
DA:417,0
DA:420,0
DA:421,0
DA:424,0
DA:427,1
DA:428,1
DA:429,2
DA:430,2
DA:432,2
DA:433,2
DA:434,2
DA:435,3
DA:436,2
DA:437,2
DA:441,1
DA:442,1
DA:443,2
DA:444,5
DA:449,1
DA:453,1
DA:454,2
DA:456,1
DA:458,1
DA:459,1
DA:461,3
DA:462,2
DA:465,1
DA:466,3
DA:467,4
DA:471,1
DA:472,2
DA:476,1
DA:477,1
DA:481,1
DA:484,1
DA:485,1
DA:487,2
DA:489,3
DA:490,2
DA:493,1
DA:494,3
DA:495,4
DA:499,1
DA:500,3
DA:504,1
DA:506,1
DA:507,1
DA:511,2
DA:513,2
DA:514,2
DA:515,3
DA:516,2
DA:517,2
DA:521,3
DA:522,9
DA:523,4
DA:525,3
DA:526,2
DA:530,3
DA:531,3
DA:532,3
DA:533,3
DA:537,3
DA:538,3
DA:539,2
DA:540,2
DA:541,6
DA:543,6
DA:548,3
DA:549,6
DA:550,3
DA:551,6
DA:552,3
DA:553,3
DA:556,12
DA:560,2
DA:561,6
DA:562,2
DA:563,2
DA:564,2
DA:568,2
DA:569,6
DA:571,1
DA:572,5
DA:582,0
DA:589,0
DA:597,0
DA:611,3
DA:619,0
DA:621,0
DA:624,1
DA:627,3
DA:629,4
DA:632,0
DA:633,0
LF:265
LH:210
end_of_record
SF:lib/src/cart_diff.dart
DA:11,1
DA:27,7
DA:46,1
DA:50,1
DA:51,1
DA:52,1
DA:54,2
DA:55,2
DA:57,1
DA:58,1
DA:59,1
DA:61,2
DA:62,2
DA:65,2
DA:66,2
DA:69,2
DA:70,1
DA:71,1
DA:72,1
DA:73,1
DA:77,1
LF:21
LH:21
end_of_record
SF:lib/src/cart_exception.dart
DA:8,1
DA:22,1
LF:2
LH:2
end_of_record
SF:lib/src/cart_input_formatter.dart
DA:25,2
DA:38,1
DA:51,2
DA:65,2
DA:70,4
DA:72,2
DA:73,2
DA:75,5
DA:76,2
DA:77,2
DA:79,6
DA:80,4
DA:84,3
DA:86,2
DA:87,4
DA:89,2
DA:90,12
DA:91,10
DA:94,2
DA:96,4
DA:109,0
DA:119,0
DA:124,0
DA:125,0
DA:127,0
DA:128,0
DA:131,0
DA:132,0
DA:133,0
DA:136,0
DA:139,0
DA:141,0
DA:143,0
DA:145,0
LF:34
LH:20
end_of_record
SF:lib/src/cart_input_widget.dart
DA:83,1
DA:155,1
DA:156,1
DA:165,4
DA:167,1
DA:169,1
DA:170,2
DA:171,2
DA:172,4
DA:175,3
DA:176,1
DA:180,1
DA:182,1
DA:185,7
DA:186,2
DA:187,1
DA:192,1
DA:193,4
DA:197,1
DA:198,4
DA:202,1
DA:204,9
DA:206,1
DA:207,2
DA:208,1
DA:210,1
DA:211,3
DA:214,2
DA:215,7
DA:216,0
DA:222,3
DA:225,2
DA:228,3
DA:231,1
DA:232,4
DA:233,3
DA:234,2
DA:238,1
DA:239,3
DA:242,2
DA:243,0
DA:248,1
DA:249,2
DA:250,1
DA:251,0
DA:252,1
DA:253,1
DA:257,1
DA:258,2
DA:259,1
DA:260,4
DA:261,1
DA:262,1
DA:266,1
DA:267,1
DA:268,4
DA:272,1
DA:273,6
DA:274,6
DA:276,2
DA:281,1
DA:282,1
DA:283,1
DA:284,1
DA:288,1
DA:290,1
DA:291,3
DA:293,2
DA:294,1
DA:301,1
DA:302,1
DA:306,1
DA:308,4
DA:309,1
DA:310,4
DA:311,1
DA:312,2
DA:313,1
DA:314,2
DA:315,4
DA:316,1
DA:317,2
DA:318,2
DA:319,1
DA:320,2
DA:321,2
DA:324,1
DA:325,1
DA:326,3
DA:327,2
DA:328,2
DA:329,2
DA:330,2
DA:336,1
DA:337,2
DA:338,1
DA:339,1
DA:340,3
DA:341,1
DA:342,1
DA:343,2
DA:347,3
DA:348,2
DA:349,1
DA:350,1
DA:351,3
DA:352,1
DA:353,1
DA:354,2
DA:361,1
DA:362,1
DA:363,0
DA:364,0
DA:365,0
DA:367,0
DA:369,0
DA:370,0
DA:371,0
DA:373,0
DA:376,2
DA:377,1
DA:378,3
DA:380,1
DA:382,2
DA:383,1
DA:384,3
DA:386,1
DA:392,1
DA:395,1
DA:397,1
DA:398,1
DA:399,3
DA:400,1
DA:401,2
DA:402,1
DA:404,2
DA:409,1
DA:410,1
DA:413,1
DA:414,1
DA:424,1
DA:426,2
DA:427,2
DA:428,1
DA:434,3
DA:441,1
DA:442,2
DA:446,1
DA:447,2
DA:451,1
DA:453,1
DA:455,1
LF:152
LH:141
end_of_record
SF:lib/src/cart_items_group.dart
DA:12,3
DA:16,3
DA:28,4
DA:36,3
DA:38,9
DA:40,3
DA:45,1
DA:46,3
DA:50,0
DA:51,0
DA:57,1
DA:58,1
DA:59,1
DA:60,1
DA:61,2
DA:66,1
DA:67,5
DA:70,1
DA:71,5
LF:19
LH:17
end_of_record
SF:lib/src/cart_theme.dart
DA:9,1
DA:18,2
DA:19,2
DA:20,3
DA:21,4
DA:24,0
DA:26,0
DA:29,1
DA:35,1
DA:42,3
DA:59,1
DA:69,1
DA:70,1
DA:74,2
DA:83,2
DA:95,2
DA:96,2
DA:97,2
DA:98,2
DA:99,2
DA:154,1
DA:171,1
DA:173,1
DA:175,1
DA:176,1
DA:177,1
DA:178,1
DA:179,1
DA:180,1
DA:181,1
DA:182,1
DA:183,1
DA:184,1
DA:185,1
DA:186,1
LF:35
LH:33
end_of_record
